TN:
SF:src/revista.ts
FN:18,(anonymous_0)
FN:24,(anonymous_1)
FN:32,(anonymous_2)
FN:40,(anonymous_3)
FN:48,(anonymous_4)
FN:56,(anonymous_5)
FN:68,(anonymous_6)
FN:80,(anonymous_7)
FN:81,(anonymous_8)
FN:89,(anonymous_9)
FNF:10
FNH:10
FNDA:5,(anonymous_0)
FNDA:4,(anonymous_1)
FNDA:4,(anonymous_2)
FNDA:4,(anonymous_3)
FNDA:4,(anonymous_4)
FNDA:2,(anonymous_5)
FNDA:1,(anonymous_6)
FNDA:2,(anonymous_7)
FNDA:3,(anonymous_8)
FNDA:2,(anonymous_9)
DA:8,1
DA:9,5
DA:18,5
DA:25,4
DA:33,4
DA:41,4
DA:49,4
DA:57,2
DA:58,0
DA:60,2
DA:69,1
DA:70,1
DA:71,0
DA:73,1
DA:81,3
DA:90,2
DA:91,2
DA:92,2
LF:18
LH:16
BRDA:57,0,0,0
BRDA:57,0,1,2
BRDA:70,1,0,0
BRDA:70,1,1,1
BRF:4
BRH:2
end_of_record
TN:
SF:src/suscriptor.ts
FN:14,(anonymous_0)
FN:20,(anonymous_1)
FN:28,(anonymous_2)
FN:37,(anonymous_3)
FNF:4
FNH:4
FNDA:4,(anonymous_0)
FNDA:1,(anonymous_1)
FNDA:1,(anonymous_2)
FNDA:3,(anonymous_3)
DA:3,1
DA:8,1
DA:14,4
DA:21,1
DA:29,1
DA:38,3
DA:39,3
LF:7
LH:7
BRDA:38,0,0,3
BRDA:38,0,1,0
BRF:2
BRH:1
end_of_record
